Using pre-set license
Built from '2020.3/staging' branch; Version is '2020.3.18f1 (a7d1c678663c) revision 10998214'; Using compiler version '192528614'; Build Type 'Release'
OS: 'Windows 10 Home; OS build 19044.2486; Version 2009; 64bit' Language: 'en' Physical Memory: 15739 MB
BatchMode: 1, IsHumanControllingUs: 0, StartBugReporterOnCrash: 0, Is64bit: 1, IsPro: 0

COMMAND LINE ARGUMENTS:
C:\Program Files\Unity\Hub\Editor\2020.3.18f1\Editor\Unity.exe
-adb2
-batchMode
-noUpm
-name
AssetImportWorker0
-projectPath
C:/Users/danie/Unityy Projects/PLab/Topdown2DGame
-logFile
Logs/AssetImportWorker0.log
-srvPort
63798
Successfully changed project path to: C:/Users/danie/Unityy Projects/PLab/Topdown2DGame
C:/Users/danie/Unityy Projects/PLab/Topdown2DGame
Using Asset Import Pipeline V2.
Refreshing native plugins compatible for Editor in 72.75 ms, found 3 plugins.
Preloading 0 native plugins for Editor in 0.00 ms.
Initialize engine version: 2020.3.18f1 (a7d1c678663c)
[Subsystems] Discovering subsystems at path C:/Program Files/Unity/Hub/Editor/2020.3.18f1/Editor/Data/Resources/UnitySubsystems
[Subsystems] Discovering subsystems at path C:/Users/danie/Unityy Projects/PLab/Topdown2DGame/Assets
GfxDevice: creating device client; threaded=0
Direct3D:
    Version:  Direct3D 11.0 [level 11.1]
    Renderer: AMD Radeon(TM) Graphics (ID=0x1636)
    Vendor:   
    VRAM:     7869 MB
    Driver:   27.20.21002.112
Initialize mono
Mono path[0] = 'C:/Program Files/Unity/Hub/Editor/2020.3.18f1/Editor/Data/Managed'
Mono path[1] = 'C:/Program Files/Unity/Hub/Editor/2020.3.18f1/Editor/Data/MonoBleedingEdge/lib/mono/unityjit'
Mono config path = 'C:/Program Files/Unity/Hub/Editor/2020.3.18f1/Editor/Data/MonoBleedingEdge/etc'
Using monoOptions --debugger-agent=transport=dt_socket,embedding=1,server=y,suspend=n,address=127.0.0.1:56740
Begin MonoManager ReloadAssembly
Registering precompiled unity dll's ...
Register platform support module: C:/Program Files/Unity/Hub/Editor/2020.3.18f1/Editor/Data/PlaybackEngines/WindowsStandaloneSupport/UnityEditor.WindowsStandalone.Extensions.dll
Registered in 0.003777 seconds.
Native extension for WindowsStandalone target not found
Refreshing native plugins compatible for Editor in 68.48 ms, found 3 plugins.
Preloading 0 native plugins for Editor in 0.00 ms.
Mono: successfully reloaded assembly
- Completed reload, in  2.795 seconds
Domain Reload Profiling:
	ReloadAssembly (2795ms)
		BeginReloadAssembly (94ms)
			ExecutionOrderSort (0ms)
			DisableScriptedObjects (0ms)
			BackupInstance (0ms)
			ReleaseScriptingObjects (0ms)
			CreateAndSetChildDomain (2ms)
		EndReloadAssembly (664ms)
			LoadAssemblies (90ms)
			RebuildTransferFunctionScriptingTraits (0ms)
			SetupTypeCache (254ms)
			ReleaseScriptCaches (0ms)
			RebuildScriptCaches (46ms)
			SetupLoadedEditorAssemblies (256ms)
				LogAssemblyErrors (0ms)
				InitializePlatformSupportModulesInManaged (6ms)
				SetLoadedEditorAssemblies (0ms)
				RefreshPlugins (69ms)
				BeforeProcessingInitializeOnLoad (24ms)
				ProcessInitializeOnLoadAttributes (116ms)
				ProcessInitializeOnLoadMethodAttributes (42ms)
				AfterProcessingInitializeOnLoad (0ms)
				EditorAssembliesLoaded (0ms)
			ExecutionOrderSort2 (0ms)
			AwakeInstancesAfterBackupRestoration (0ms)
Platform modules already initialized, skipping
Registering precompiled user dll's ...
Registered in 0.005170 seconds.
Begin MonoManager ReloadAssembly
Native extension for WindowsStandalone target not found
Refreshing native plugins compatible for Editor in 104.67 ms, found 3 plugins.
Preloading 0 native plugins for Editor in 0.00 ms.
Mono: successfully reloaded assembly
- Completed reload, in  2.227 seconds
Domain Reload Profiling:
	ReloadAssembly (2229ms)
		BeginReloadAssembly (231ms)
			ExecutionOrderSort (0ms)
			DisableScriptedObjects (9ms)
			BackupInstance (0ms)
			ReleaseScriptingObjects (0ms)
			CreateAndSetChildDomain (27ms)
		EndReloadAssembly (1883ms)
			LoadAssemblies (139ms)
			RebuildTransferFunctionScriptingTraits (0ms)
			SetupTypeCache (586ms)
			ReleaseScriptCaches (1ms)
			RebuildScriptCaches (125ms)
			SetupLoadedEditorAssemblies (726ms)
				LogAssemblyErrors (0ms)
				InitializePlatformSupportModulesInManaged (5ms)
				SetLoadedEditorAssemblies (0ms)
				RefreshPlugins (105ms)
				BeforeProcessingInitializeOnLoad (182ms)
				ProcessInitializeOnLoadAttributes (403ms)
				ProcessInitializeOnLoadMethodAttributes (20ms)
				AfterProcessingInitializeOnLoad (9ms)
				EditorAssembliesLoaded (0ms)
			ExecutionOrderSort2 (0ms)
			AwakeInstancesAfterBackupRestoration (11ms)
Platform modules already initialized, skipping
========================================================================
Worker process is ready to serve import requests
Launched and connected shader compiler UnityShaderCompiler.exe after 0.07 seconds
Refreshing native plugins compatible for Editor in 0.61 ms, found 3 plugins.
Preloading 0 native plugins for Editor in 0.00 ms.
Unloading 2090 Unused Serialized files (Serialized files now loaded: 0)
System memory in use before: 93.0 MB.
System memory in use after: 93.1 MB.

Unloading 26 unused Assets to reduce memory usage. Loaded Objects now: 2529.
Total: 6.591500 ms (FindLiveObjects: 0.342900 ms CreateObjectMapping: 0.091200 ms MarkObjects: 6.045200 ms  DeleteObjects: 0.110500 ms)

AssetImportParameters requested are different than current active one (requested -> active):
  custom:framework-win-MediaFoundation: 216162199b28c13a410421893ffa2e32 -> 
  custom:video-decoder-ogg-theora: a1e56fd34408186e4bbccfd4996cb3dc -> 
  custom:container-muxer-webm: aa71ff27fc2769a1b78a27578f13a17b -> 
  custom:container-demuxer-webm: 4f35f7cbe854078d1ac9338744f61a02 -> 
  custom:container-demuxer-ogg: 62fdf1f143b41e24485cea50d1cbac27 -> 
  custom:video-encoder-webm-vp8: eb34c28f22e8b96e1ab97ce403110664 -> 
  custom:video-codec-MediaFoundation-h265: 746d11721c4dcdbdad8f713fa42b33f4 -> 
  custom:video-decoder-webm-vp8: 9c59270c3fd7afecdb556c50c9e8de78 -> 
  custom:audio-decoder-ogg-vorbis: bf7c407c2cedff20999df2af8eb42d56 -> 
  custom:audio-encoder-webm-vorbis: bf7c407c2cedff20999df2af8eb42d56 -> 
========================================================================
Received Import Request.
  path: Assets/Scripts
  artifactKey: Guid(ce8bb3320fbba9c478f657aecd4579bb) Importer(815301076,1909f56bfc062723c751e8b465ee728b)
Start importing Assets/Scripts using Guid(ce8bb3320fbba9c478f657aecd4579bb) Importer(815301076,1909f56bfc062723c751e8b465ee728b)  -> (artifact id: 'da42e171387d5380848bb331627588d2') in 0.015809 seconds 
  Import took 0.020907 seconds .

========================================================================
Received Import Request.
  Time since last request: 0.754188 seconds.
  path: Assets
  artifactKey: Guid(00000000000000001000000000000000) Importer(815301076,1909f56bfc062723c751e8b465ee728b)
Start importing Assets using Guid(00000000000000001000000000000000) Importer(815301076,1909f56bfc062723c751e8b465ee728b)  -> (artifact id: '42d402b061de3733987d63b9cc3b64de') in 0.018725 seconds 
  Import took 0.027514 seconds .

========================================================================
Received Import Request.
  Time since last request: 12.176491 seconds.
  path: Assets/Art Assets
  artifactKey: Guid(fd8eaf9402f6fd84d8267042b2eefb35) Importer(815301076,1909f56bfc062723c751e8b465ee728b)
Start importing Assets/Art Assets using Guid(fd8eaf9402f6fd84d8267042b2eefb35) Importer(815301076,1909f56bfc062723c751e8b465ee728b)  -> (artifact id: '737efa22adb19d03ca473fb382fb3ba4') in 0.012977 seconds 
  Import took 0.018941 seconds .

========================================================================
Received Import Request.
  Time since last request: 10.881488 seconds.
  path: Assets/Animation
  artifactKey: Guid(00f5bf09051f91c4ba3d82d5ca508d26) Importer(815301076,1909f56bfc062723c751e8b465ee728b)
Start importing Assets/Animation using Guid(00f5bf09051f91c4ba3d82d5ca508d26) Importer(815301076,1909f56bfc062723c751e8b465ee728b)  -> (artifact id: 'abdec9b0e784828191f4030e1af6a84f') in 0.015229 seconds 
  Import took 0.021102 seconds .

========================================================================
Received Import Request.
  Time since last request: 14.625466 seconds.
  path: Assets/Art Assets/Ground
  artifactKey: Guid(a1edc649edc940741b100e857cb653a7) Importer(815301076,1909f56bfc062723c751e8b465ee728b)
Start importing Assets/Art Assets/Ground using Guid(a1edc649edc940741b100e857cb653a7) Importer(815301076,1909f56bfc062723c751e8b465ee728b)  -> (artifact id: '388e0f4cfcd44359b31942081bd8b589') in 0.014935 seconds 
  Import took 0.021427 seconds .

========================================================================
Received Import Request.
  Time since last request: 154.543944 seconds.
  path: Assets/Prefabs
  artifactKey: Guid(1951dd75c5b3e7b4da093da4352e9c02) Importer(815301076,1909f56bfc062723c751e8b465ee728b)
Start importing Assets/Prefabs using Guid(1951dd75c5b3e7b4da093da4352e9c02) Importer(815301076,1909f56bfc062723c751e8b465ee728b)  -> (artifact id: '8bf6d3c6b16690e602f57468e805c27a') in 0.015793 seconds 
  Import took 0.021985 seconds .

========================================================================
Received Import Request.
  Time since last request: 90.446402 seconds.
  path: Assets/Prefabs/Coin.prefab
  artifactKey: Guid(544d19c4bf90f3d4f9a01d893324692e) Importer(815301076,1909f56bfc062723c751e8b465ee728b)
Start importing Assets/Prefabs/Coin.prefab using Guid(544d19c4bf90f3d4f9a01d893324692e) Importer(815301076,1909f56bfc062723c751e8b465ee728b)  -> (artifact id: '9795dea0a0ae22f28021663546bc5563') in 0.188011 seconds 
  Import took 0.196032 seconds .

========================================================================
Received Import Request.
  Time since last request: 7.066339 seconds.
  path: Assets/Prefabs/Collectables
  artifactKey: Guid(069a1be8729d7224ca4c28303b7b8bba) Importer(815301076,1909f56bfc062723c751e8b465ee728b)
Start importing Assets/Prefabs/Collectables using Guid(069a1be8729d7224ca4c28303b7b8bba) Importer(815301076,1909f56bfc062723c751e8b465ee728b)  -> (artifact id: '0de54ae4edfdd24eac35d035f03d3b94') in 0.023838 seconds 
  Import took 0.041333 seconds .

========================================================================
Received Import Request.
  Time since last request: 243.662353 seconds.
  path: Assets/Prefabs/Actors
  artifactKey: Guid(df9a3e05f129c624ca1488d18cc99c4f) Importer(815301076,1909f56bfc062723c751e8b465ee728b)
Start importing Assets/Prefabs/Actors using Guid(df9a3e05f129c624ca1488d18cc99c4f) Importer(815301076,1909f56bfc062723c751e8b465ee728b)  -> (artifact id: '4fbb5bb976d228ab08a72b69d00d1739') in 0.017791 seconds 
  Import took 0.025935 seconds .

========================================================================
Received Import Request.
  Time since last request: 10.187326 seconds.
  path: Assets/Prefabs/Actors/Player
  artifactKey: Guid(5c577b9c0a70b5549962f85c79092dd3) Importer(815301076,1909f56bfc062723c751e8b465ee728b)
Start importing Assets/Prefabs/Actors/Player using Guid(5c577b9c0a70b5549962f85c79092dd3) Importer(815301076,1909f56bfc062723c751e8b465ee728b)  -> (artifact id: '979c9c5466e2f7a85eebee6e2f9419ac') in 0.020567 seconds 
  Import took 0.027979 seconds .

========================================================================
Received Import Request.
  Time since last request: 5.794879 seconds.
  path: Assets/Prefabs/Actors/Enemy
  artifactKey: Guid(efb872ca69909d14587dc01eb9971007) Importer(815301076,1909f56bfc062723c751e8b465ee728b)
Start importing Assets/Prefabs/Actors/Enemy using Guid(efb872ca69909d14587dc01eb9971007) Importer(815301076,1909f56bfc062723c751e8b465ee728b)  -> (artifact id: 'e2cd36211163adee90aa92bf3308d826') in 0.020944 seconds 
  Import took 0.028069 seconds .

========================================================================
Received Import Request.
  Time since last request: 282.329009 seconds.
  path: Assets/Scripts/Player
  artifactKey: Guid(0fdea4aa3e0ed6e4db904863492d5fc3) Importer(815301076,1909f56bfc062723c751e8b465ee728b)
Start importing Assets/Scripts/Player using Guid(0fdea4aa3e0ed6e4db904863492d5fc3) Importer(815301076,1909f56bfc062723c751e8b465ee728b)  -> (artifact id: '4dfc48a19213e879b2da7cf8fee39a0b') in 0.016958 seconds 
  Import took 0.025994 seconds .

========================================================================
Received Import Request.
  Time since last request: 6.884940 seconds.
  path: Assets/Scripts/Camera
  artifactKey: Guid(9b2535093755c6e4fa9170c1525325fb) Importer(815301076,1909f56bfc062723c751e8b465ee728b)
Start importing Assets/Scripts/Camera using Guid(9b2535093755c6e4fa9170c1525325fb) Importer(815301076,1909f56bfc062723c751e8b465ee728b)  -> (artifact id: '9281bba529f7a3bef2e2ec57e8369795') in 0.017256 seconds 
  Import took 0.023056 seconds .

AssetImportWorkerClient::OnTransportError - code=2 error=End of file
